{
  "RSpec": {
    "coverage": {
      "/home/scailles/tic-tac-toe-rb-online-web-sp-000/lib/tic_tac_toe.rb": [
        null,
        1,
        null,
        null,
        null,
        null,
        1,
        null,
        null,
        null,
        null,
        null,
        null,
        null,
        null,
        null,
        null,
        null,
        null,
        1,
        38,
        38,
        38,
        38,
        38,
        null,
        null,
        null,
        1,
        20,
        null,
        null,
        null,
        1,
        3,
        null,
        null,
        null,
        1,
        null,
        24,
        21,
        null,
        3,
        null,
        null,
        null,
        null,
        null,
        1,
        20,
        17,
        3,
        null,
        null,
        null,
        null,
        null,
        1,
        18,
        18,
        162,
        27,
        null,
        null,
        null,
        18,
        null,
        null,
        1,
        17,
        null,
        17,
        13,
        null,
        4,
        null,
        null,
        null,
        null,
        1,
        19,
        19,
        17,
        null,
        17,
        16,
        16,
        null,
        1,
        null,
        17,
        null,
        null,
        null,
        1,
        58,
        435,
        435,
        435,
        null,
        435,
        435,
        435,
        null,
        435,
        9,
        426,
        2,
        null,
        null,
        47,
        null,
        null,
        null,
        1,
        398,
        null,
        null,
        null,
        1,
        49,
        2,
        null,
        47,
        null,
        null,
        null,
        null,
        1,
        28,
        6,
        null,
        22,
        null,
        null,
        null,
        null,
        1,
        3,
        3,
        3,
        null,
        null,
        2,
        1,
        null,
        1,
        null,
        null,
        null,
        null,
        null,
        null,
        null,
        null,
        1,
        12,
        17,
        14,
        14,
        14,
        14,
        2,
        12,
        1,
        null,
        null,
        null,
        null,
        null,
        null,
        null,
        null,
        null,
        null,
        null,
        null,
        null,
        null
      ]
    },
    "timestamp": 1609549677
  }
}
